\BOOKMARK [0][-]{chapter*.1}{\376\377\000A\000b\000s\000t\000r\000a\000c\000t}{}% 1
\BOOKMARK [0][-]{section*.2}{\376\377\000L\000i\000s\000t\000\040\000o\000f\000\040\000F\000i\000g\000u\000r\000e\000s}{}% 2
\BOOKMARK [0][-]{section*.3}{\376\377\000L\000i\000s\000t\000\040\000o\000f\000\040\000T\000a\000b\000l\000e\000s}{}% 3
\BOOKMARK [0][-]{chapter.1}{\376\377\000I\000n\000l\000e\000i\000d\000i\000n\000g}{}% 4
\BOOKMARK [1][-]{section.1.1}{\376\377\000C\000o\000n\000t\000e\000x\000t\000\040\000e\000n\000\040\000m\000o\000t\000i\000v\000a\000t\000i\000e}{chapter.1}% 5
\BOOKMARK [1][-]{section*.4}{\376\377\000P\000r\000o\000b\000l\000e\000e\000m\000s\000t\000e\000l\000l\000i\000n\000g}{chapter.1}% 6
\BOOKMARK [1][-]{section*.5}{\376\377\000O\000n\000d\000e\000r\000z\000o\000e\000k\000s\000v\000r\000a\000g\000e\000n}{chapter.1}% 7
\BOOKMARK [1][-]{section*.6}{\376\377\000D\000o\000e\000l\000s\000t\000e\000l\000l\000i\000n\000g\000\040\000v\000a\000n\000\040\000d\000e\000\040\000s\000c\000r\000i\000p\000t\000i\000e}{chapter.1}% 8
\BOOKMARK [1][-]{section*.7}{\376\377\000O\000p\000b\000o\000u\000w\000\040\000v\000a\000n\000\040\000d\000e\000\040\000s\000c\000r\000i\000p\000t\000i\000e}{chapter.1}% 9
\BOOKMARK [0][-]{chapter.2}{\376\377\000A\000c\000h\000t\000e\000r\000g\000r\000o\000n\000d\000\040\000e\000n\000\040\000l\000i\000t\000e\000r\000a\000t\000u\000u\000r\000s\000t\000u\000d\000i\000e}{}% 10
\BOOKMARK [1][-]{section.2.1}{\376\377\000E\000n\000t\000e\000r\000p\000r\000i\000s\000e\000\040\000s\000e\000a\000r\000c\000h\000\040\000b\000i\000n\000n\000e\000n\000\040\000o\000r\000g\000a\000n\000i\000s\000a\000t\000i\000e\000s}{chapter.2}% 11
\BOOKMARK [1][-]{section*.8}{\376\377\000L\000a\000r\000g\000e\000\040\000L\000a\000n\000g\000u\000a\000g\000e\000\040\000M\000o\000d\000e\000l\000s\000\040\000e\000n\000\040\000h\000u\000n\000\040\000b\000e\000p\000e\000r\000k\000i\000n\000g\000e\000n}{chapter.2}% 12
\BOOKMARK [1][-]{section*.9}{\376\377\000A\000I\000-\000a\000g\000e\000n\000t\000s\000\040\000e\000n\000\040\000m\000u\000l\000t\000i\000-\000a\000g\000e\000n\000t\000\040\000s\000y\000s\000t\000e\000m\000e\000n}{chapter.2}% 13
\BOOKMARK [1][-]{section*.10}{\376\377\000A\000g\000e\000n\000t\000\040\000f\000r\000a\000m\000e\000w\000o\000r\000k\000s}{chapter.2}% 14
\BOOKMARK [1][-]{section*.11}{\376\377\000M\000o\000d\000e\000l\000\040\000C\000o\000n\000t\000e\000x\000t\000\040\000P\000r\000o\000t\000o\000c\000o\000l}{chapter.2}% 15
\BOOKMARK [1][-]{section*.12}{\376\377\000N\000o\000o\000d\000\040\000a\000a\000n\000\040\000g\000o\000v\000e\000r\000n\000a\000n\000c\000e\000\040\000b\000i\000j\000\040\000t\000o\000e\000g\000a\000n\000g\000\040\000t\000o\000t\000\040\000b\000e\000d\000r\000i\000j\000f\000s\000d\000a\000t\000a}{chapter.2}% 16
\BOOKMARK [0][-]{chapter.3}{\376\377\000P\000r\000o\000b\000l\000e\000e\000m\000a\000n\000a\000l\000y\000s\000e\000\040\000e\000n\000\040\000v\000e\000r\000e\000i\000s\000t\000e\000n}{}% 17
\BOOKMARK [1][-]{section.3.1}{\376\377\000V\000e\000r\000s\000p\000r\000e\000i\000d\000e\000\040\000d\000a\000t\000a\000\040\000o\000v\000e\000r\000\040\000m\000e\000e\000r\000d\000e\000r\000e\000\040\000s\000y\000s\000t\000e\000m\000e\000n}{chapter.3}% 18
\BOOKMARK [1][-]{section*.13}{\376\377\000U\000i\000t\000d\000a\000g\000i\000n\000g\000e\000n\000\040\000r\000o\000n\000d\000\040\000i\000n\000t\000e\000g\000r\000a\000t\000i\000e\000,\000\040\000a\000u\000t\000h\000e\000n\000t\000i\000c\000a\000t\000i\000e\000\040\000e\000n\000\040\000d\000a\000t\000a\000m\000o\000d\000e\000l\000l\000e\000n}{chapter.3}% 19
\BOOKMARK [1][-]{section*.14}{\376\377\000B\000e\000p\000e\000r\000k\000i\000n\000g\000e\000n\000\040\000v\000a\000n\000\040\000k\000l\000a\000s\000s\000i\000e\000k\000e\000\040\000z\000o\000e\000k\000m\000e\000t\000h\000o\000d\000e\000n}{chapter.3}% 20
\BOOKMARK [1][-]{section*.15}{\376\377\000R\000i\000s\000i\000c\000o\000'\000s\000\040\000v\000a\000n\000\040\000L\000L\000M\000-\000g\000e\000b\000a\000s\000e\000e\000r\000d\000e\000\040\000s\000y\000s\000t\000e\000m\000e\000n}{chapter.3}% 21
\BOOKMARK [1][-]{section*.16}{\376\377\000F\000u\000n\000c\000t\000i\000o\000n\000e\000l\000e\000\040\000e\000n\000\040\000n\000i\000e\000t\000-\000f\000u\000n\000c\000t\000i\000o\000n\000e\000l\000e\000\040\000v\000e\000r\000e\000i\000s\000t\000e\000n}{chapter.3}% 22
\BOOKMARK [2][-]{subsection.3.5.1}{\376\377\000F\000u\000n\000c\000t\000i\000o\000n\000e\000l\000e\000\040\000v\000e\000r\000e\000i\000s\000t\000e\000n}{section*.16}% 23
\BOOKMARK [2][-]{subsection.3.5.2}{\376\377\000N\000i\000e\000t\000-\000f\000u\000n\000c\000t\000i\000o\000n\000e\000l\000e\000\040\000v\000e\000r\000e\000i\000s\000t\000e\000n}{section*.16}% 24
\BOOKMARK [0][-]{chapter.4}{\376\377\000A\000r\000c\000h\000i\000t\000e\000c\000t\000u\000u\000r\000o\000n\000t\000w\000e\000r\000p}{}% 25
\BOOKMARK [1][-]{section.4.1}{\376\377\000O\000v\000e\000r\000z\000i\000c\000h\000t\000\040\000v\000a\000n\000\040\000d\000e\000\040\000v\000o\000o\000r\000g\000e\000s\000t\000e\000l\000d\000e\000\040\000a\000r\000c\000h\000i\000t\000e\000c\000t\000u\000u\000r}{chapter.4}% 26
\BOOKMARK [1][-]{section*.18}{\376\377\000B\000e\000s\000c\000h\000r\000i\000j\000v\000i\000n\000g\000\040\000v\000a\000n\000\040\000d\000e\000\040\000c\000o\000m\000p\000o\000n\000e\000n\000t\000e\000n}{chapter.4}% 27
\BOOKMARK [2][-]{subsection.4.2.1}{\376\377\000O\000r\000c\000h\000e\000s\000t\000r\000a\000t\000o\000r}{section*.18}% 28
\BOOKMARK [2][-]{subsection.4.2.2}{\376\377\000G\000e\000s\000p\000e\000c\000i\000a\000l\000i\000s\000e\000e\000r\000d\000e\000\040\000a\000g\000e\000n\000t\000s}{section*.18}% 29
\BOOKMARK [2][-]{subsection.4.2.3}{\376\377\000M\000C\000P\000-\000s\000e\000r\000v\000e\000r\000\040\000o\000f\000\040\000t\000o\000o\000l\000l\000a\000a\000g\000\040\000p\000e\000r\000\040\000d\000a\000t\000a\000b\000r\000o\000n}{section*.18}% 30
\BOOKMARK [2][-]{subsection.4.2.4}{\376\377\000O\000n\000d\000e\000r\000l\000i\000g\000g\000e\000n\000d\000e\000\040\000d\000a\000t\000a\000b\000r\000o\000n\000n\000e\000n}{section*.18}% 31
\BOOKMARK [1][-]{section*.19}{\376\377\000C\000o\000m\000m\000u\000n\000i\000c\000a\000t\000i\000e\000-\000\040\000e\000n\000\040\000q\000u\000e\000r\000y\000f\000l\000o\000w}{chapter.4}% 32
\BOOKMARK [1][-]{section*.21}{\376\377\000V\000e\000i\000l\000i\000g\000h\000e\000i\000d\000s\000-\000\040\000e\000n\000\040\000t\000o\000e\000g\000a\000n\000g\000s\000m\000o\000d\000e\000l}{chapter.4}% 33
\BOOKMARK [1][-]{section*.22}{\376\377\000V\000e\000r\000a\000n\000t\000w\000o\000o\000r\000d\000i\000n\000g\000\040\000v\000a\000n\000\040\000d\000e\000\040\000a\000r\000c\000h\000i\000t\000e\000c\000t\000u\000r\000a\000l\000e\000\040\000k\000e\000u\000z\000e\000s}{chapter.4}% 34
\BOOKMARK [0][-]{chapter.5}{\376\377\000I\000m\000p\000l\000e\000m\000e\000n\000t\000a\000t\000i\000e}{}% 35
\BOOKMARK [1][-]{section.5.1}{\376\377\000G\000e\000b\000r\000u\000i\000k\000t\000e\000\040\000t\000e\000c\000h\000n\000o\000l\000o\000g\000i\000e\000\353\000n\000\040\000e\000n\000\040\000s\000t\000a\000c\000k}{chapter.5}% 36
\BOOKMARK [1][-]{section*.23}{\376\377\000I\000m\000p\000l\000e\000m\000e\000n\000t\000a\000t\000i\000e\000\040\000v\000a\000n\000\040\000d\000e\000\040\000o\000r\000c\000h\000e\000s\000t\000r\000a\000t\000o\000r}{chapter.5}% 37
\BOOKMARK [1][-]{section*.24}{\376\377\000I\000m\000p\000l\000e\000m\000e\000n\000t\000a\000t\000i\000e\000\040\000v\000a\000n\000\040\000d\000e\000\040\000M\000i\000c\000r\000o\000s\000o\000f\000t\000\040\000G\000r\000a\000p\000h\000-\000A\000g\000e\000n\000t}{chapter.5}% 38
\BOOKMARK [1][-]{section*.25}{\376\377\000I\000m\000p\000l\000e\000m\000e\000n\000t\000a\000t\000i\000e\000\040\000v\000a\000n\000\040\000d\000e\000\040\000S\000a\000l\000e\000s\000f\000o\000r\000c\000e\000-\000A\000g\000e\000n\000t}{chapter.5}% 39
\BOOKMARK [1][-]{section*.26}{\376\377\000I\000m\000p\000l\000e\000m\000e\000n\000t\000a\000t\000i\000e\000\040\000v\000a\000n\000\040\000d\000e\000\040\000S\000m\000a\000r\000t\000S\000a\000l\000e\000s\000-\000A\000g\000e\000n\000t}{chapter.5}% 40
\BOOKMARK [1][-]{section*.27}{\376\377\000I\000n\000t\000e\000g\000r\000a\000t\000i\000e\000\040\000t\000u\000s\000s\000e\000n\000\040\000a\000g\000e\000n\000t\000s\000\040\000e\000n\000\040\000d\000a\000t\000a\000b\000r\000o\000n\000n\000e\000n}{chapter.5}% 41
\BOOKMARK [1][-]{section*.28}{\376\377\000B\000e\000p\000e\000r\000k\000i\000n\000g\000e\000n\000\040\000v\000a\000n\000\040\000d\000e\000\040\000h\000u\000i\000d\000i\000g\000e\000\040\000i\000m\000p\000l\000e\000m\000e\000n\000t\000a\000t\000i\000e}{chapter.5}% 42
\BOOKMARK [0][-]{chapter.6}{\376\377\000E\000v\000a\000l\000u\000a\000t\000i\000e\000m\000e\000t\000h\000o\000d\000o\000l\000o\000g\000i\000e}{}% 43
\BOOKMARK [1][-]{section.6.1}{\376\377\000E\000v\000a\000l\000u\000a\000t\000i\000e\000-\000o\000p\000z\000e\000t}{chapter.6}% 44
\BOOKMARK [1][-]{section*.29}{\376\377\000T\000e\000s\000t\000s\000c\000e\000n\000a\000r\000i\000o\000'\000s\000\040\000e\000n\000\040\000q\000u\000e\000r\000y\000c\000a\000t\000e\000g\000o\000r\000i\000e\000\353\000n}{chapter.6}% 45
\BOOKMARK [2][-]{subsection.6.2.1}{\376\377\000S\000a\000m\000e\000n\000s\000t\000e\000l\000l\000i\000n\000g\000\040\000v\000a\000n\000\040\000d\000e\000\040\000t\000e\000s\000t\000s\000e\000t}{section*.29}% 46
\BOOKMARK [2][-]{subsection.6.2.2}{\376\377\000O\000v\000e\000r\000z\000i\000c\000h\000t\000\040\000v\000a\000n\000\040\000d\000e\000\040\000q\000u\000e\000r\000y\000c\000a\000t\000e\000g\000o\000r\000i\000e\000\353\000n}{section*.29}% 47
\BOOKMARK [1][-]{section*.31}{\376\377\000E\000v\000a\000l\000u\000a\000t\000i\000e\000\040\000v\000a\000n\000\040\000c\000o\000r\000r\000e\000c\000t\000h\000e\000i\000d}{chapter.6}% 48
\BOOKMARK [1][-]{section*.32}{\376\377\000E\000v\000a\000l\000u\000a\000t\000i\000e\000\040\000v\000a\000n\000\040\000q\000u\000e\000r\000y\000\040\000r\000o\000u\000t\000i\000n\000g}{chapter.6}% 49
\BOOKMARK [1][-]{section*.33}{\376\377\000E\000v\000a\000l\000u\000a\000t\000i\000e\000\040\000v\000a\000n\000\040\000p\000e\000r\000f\000o\000r\000m\000a\000n\000t\000i\000e\000\040\000e\000n\000\040\000k\000o\000s\000t}{chapter.6}% 50
\BOOKMARK [2][-]{subsection.6.5.1}{\376\377\000E\000v\000a\000l\000u\000a\000t\000i\000e\000\040\000v\000a\000n\000\040\000d\000e\000\040\000r\000e\000s\000p\000o\000n\000s\000t\000i\000j\000d}{section*.33}% 51
\BOOKMARK [2][-]{subsection.6.5.2}{\376\377\000E\000v\000a\000l\000u\000a\000t\000i\000e\000\040\000v\000a\000n\000\040\000h\000e\000t\000\040\000t\000o\000k\000e\000n\000v\000e\000r\000b\000r\000u\000i\000k}{section*.33}% 52
\BOOKMARK [1][-]{section*.34}{\376\377\000B\000e\000p\000e\000r\000k\000i\000n\000g\000e\000n\000\040\000v\000a\000n\000\040\000d\000e\000\040\000e\000v\000a\000l\000u\000a\000t\000i\000e}{chapter.6}% 53
\BOOKMARK [0][-]{chapter.7}{\376\377\000E\000v\000a\000l\000u\000a\000t\000i\000e\000r\000e\000s\000u\000l\000t\000a\000t\000e\000n}{}% 54
\BOOKMARK [1][-]{section.7.1}{\376\377\000A\000l\000g\000e\000m\000e\000n\000e\000\040\000r\000e\000s\000u\000l\000t\000a\000t\000e\000n}{chapter.7}% 55
\BOOKMARK [1][-]{section*.36}{\376\377\000E\000v\000a\000l\000u\000a\000t\000i\000e\000\040\000v\000a\000n\000\040\000c\000o\000r\000r\000e\000c\000t\000h\000e\000i\000d}{chapter.7}% 56
\BOOKMARK [1][-]{section*.37}{\376\377\000E\000v\000a\000l\000u\000a\000t\000i\000e\000\040\000v\000a\000n\000\040\000q\000u\000e\000r\000y\000\040\000r\000o\000u\000t\000i\000n\000g}{chapter.7}% 57
\BOOKMARK [1][-]{section*.39}{\376\377\000E\000v\000a\000l\000u\000a\000t\000i\000e\000\040\000v\000a\000n\000\040\000p\000e\000r\000f\000o\000r\000m\000a\000n\000t\000i\000e\000\040\000e\000n\000\040\000k\000o\000s\000t}{chapter.7}% 58
\BOOKMARK [2][-]{subsection.7.4.1}{\376\377\000E\000v\000a\000l\000u\000a\000t\000i\000e\000\040\000v\000a\000n\000\040\000d\000e\000\040\000r\000e\000s\000p\000o\000n\000s\000t\000i\000j\000d}{section*.39}% 59
\BOOKMARK [2][-]{subsection.7.4.2}{\376\377\000E\000v\000a\000l\000u\000a\000t\000i\000e\000\040\000v\000a\000n\000\040\000h\000e\000t\000\040\000t\000o\000k\000e\000n\000v\000e\000r\000b\000r\000u\000i\000k}{section*.39}% 60
\BOOKMARK [1][-]{section*.40}{\376\377\000B\000e\000p\000e\000r\000k\000i\000n\000g\000e\000n\000\040\000v\000a\000n\000\040\000d\000e\000\040\000e\000v\000a\000l\000u\000a\000t\000i\000e}{chapter.7}% 61
\BOOKMARK [0][-]{chapter.8}{\376\377\000W\000e\000r\000k\000p\000u\000n\000t\000e\000n\000\040\000v\000o\000o\000r\000\040\000e\000e\000n\000\040\000v\000o\000l\000g\000e\000n\000d\000e\000\040\000v\000e\000r\000s\000i\000e}{}% 62
\BOOKMARK [1][-]{section*.41}{\376\377\000A\000l\000g\000e\000m\000e\000n\000e\000\040\000u\000i\000t\000b\000r\000e\000i\000d\000i\000n\000g\000e\000n}{chapter.8}% 63
\BOOKMARK [1][-]{section*.42}{\376\377\000U\000i\000t\000b\000r\000e\000i\000d\000i\000n\000g\000e\000n\000\040\000v\000o\000o\000r\000\040\000d\000e\000\040\000M\000i\000c\000r\000o\000s\000o\000f\000t\000\040\000G\000r\000a\000p\000h\000-\000A\000g\000e\000n\000t}{chapter.8}% 64
\BOOKMARK [1][-]{section*.43}{\376\377\000U\000i\000t\000b\000r\000e\000i\000d\000i\000n\000g\000e\000n\000\040\000v\000o\000o\000r\000\040\000d\000e\000\040\000S\000a\000l\000e\000s\000f\000o\000r\000c\000e\000-\000A\000g\000e\000n\000t}{chapter.8}% 65
\BOOKMARK [1][-]{section*.44}{\376\377\000U\000i\000t\000b\000r\000e\000i\000d\000i\000n\000g\000e\000n\000\040\000v\000o\000o\000r\000\040\000d\000e\000\040\000S\000m\000a\000r\000t\000S\000a\000l\000e\000s\000-\000A\000g\000e\000n\000t}{chapter.8}% 66
\BOOKMARK [1][-]{section*.45}{\376\377\000U\000i\000t\000b\000r\000e\000i\000d\000i\000n\000g\000e\000n\000\040\000v\000o\000o\000r\000\040\000d\000e\000\040\000o\000r\000c\000h\000e\000s\000t\000r\000a\000t\000o\000r}{chapter.8}% 67
\BOOKMARK [1][-]{section*.46}{\376\377\000U\000i\000t\000g\000e\000b\000r\000e\000i\000d\000e\000r\000e\000\040\000e\000v\000a\000l\000u\000a\000t\000i\000e}{chapter.8}% 68
\BOOKMARK [0][-]{chapter*.47}{\376\377\000R\000e\000f\000e\000r\000e\000n\000c\000e\000s}{}% 69
\BOOKMARK [0][-]{section*.48}{\376\377\000A\000p\000p\000e\000n\000d\000i\000c\000e\000s}{}% 70
\BOOKMARK [1][-]{section*.49}{\376\377\000B\000i\000j\000l\000a\000g\000e\000\040\000A\000\040\040\023\000\040\000V\000o\000l\000l\000e\000d\000i\000g\000e\000\040\000l\000i\000j\000s\000t\000\040\000v\000a\000n\000\040\000t\000e\000s\000t\000q\000u\000e\000r\000i\000e\000s}{section*.48}% 71
